0: output to qw_0.threebody.opt.o
0: wfdata allocate
12: wfdata allocate
15: wfdata allocate
17: wfdata allocate
10: wfdata allocate
14: wfdata allocate
6: wfdata allocate
2: wfdata allocate
16: wfdata allocate
9: wfdata allocate
18: wfdata allocate
4: wfdata allocate
8: wfdata allocate
3: wfdata allocate
5: wfdata allocate
7: wfdata allocate
1: wfdata allocate
11: wfdata allocate
13: wfdata allocate
19: wfdata allocate
17: Took 22 steps to warm up.8: Took 12 steps to warm up.3: Took 13 steps to warm up.1: Took 14 steps to warm up.9: Took 17 steps to warm up.5: Took 24 steps to warm up.18: Took 12 steps to warm up.19: Took 15 steps to warm up.11: Took 18 steps to warm up.6: Took 15 steps to warm up.0: Took 16 steps to warm up.4: Took 18 steps to warm up.10: Took 17 steps to warm up.16: Took 20 steps to warm up.15: Took 24 steps to warm up.7: Took 30 steps to warm up.12: Took 20 steps to warm up.2: Took 28 steps to warm up.14: Took 24 steps to warm up.13: Took 22 steps to warm uSeSetting step size to 0.00544

Setting step size to 0.00544

Setting step size to 0.00544

Setting step size to 0.00544

Setting step size to 0.00544

Setting step size to 0.00544

Setting step size to 0.00544

Setting step size to 0.00544

Setting step size to 0.00544

Setting step size to 0.00544

Setting step size to 0.00544

Setting step size to 0.00544

Setting step size to 0.00544

Setting step size to 0.00544

Setting step size to 0.00544

Setting step size to 0.00544

Setting step size to 0.00544

Setting step size to 0.00544

Setting step size to 0.00544

Setting step size to 0.00544

Setting step size to 0.0129

Setting step size to 0.0129

Setting step size to 0.0129

Setting step size to 0.0129

Setting step size to 0.0129

Setting step size to 0.0129

Setting step size to 0.0129

Setting step size to 0.0129

Setting step size to 0.0129

Setting step size to 0.0129

Setting step size to 0.0129

Setting step size to 0.0129

Setting step size to 0.0129

Setting step size to 0.0129

Setting step size to 0.0129

Setting step size to 0.0129

Setting step size to 0.0129

Setting step size to 0.0129

Setting step size to 0.0129

Setting step size to 0.0129

Setting step size to 0.00407

Setting step size to 0.00407

Setting step size to 0.00407

Setting step size to 0.00407

Setting step size to 0.00407

Setting step size to 0.00407

Setting step size to 0.00407

Setting step size to 0.00407

Setting step size to 0.00407

Setting step size to 0.00407

Setting step size to 0.00407

Setting step size to 0.00407

Setting step size to 0.00407

Setting step size to 0.00407

Setting step size to 0.00407

Setting step size to 0.00407

Setting step size to 0.00407

Setting step size to 0.00407

Setting step size to 0.00407

Setting step size to 0.00407

Setting step size to 0.00151

Setting step size to 0.00151

Setting step size to 0.00151

Setting step size to 0.00151

Setting step size to 0.00151

Setting step size to 0.00151

Setting step size to 0.00151

Setting step size to 0.00151

Setting step size to 0.00151

Setting step size to 0.00151

Setting step size to 0.00151

Setting step size to 0.00151

Setting step size to 0.00151

Setting step size to 0.00151

Setting step size to 0.00151

Setting step size to 0.00151

Setting step size to 0.00151

Setting step size to 0.00151

Setting step size to 0.00151

Setting step size to 0.00151

Setting step size to 0.00503

Setting step size to 0.00503

Setting step size to 0.00503

Setting step size to 0.00503

Setting step size to 0.00503

Setting step size to 0.00503

Setting step size to 0.00503

Setting step size to 0.00503

Setting step size to 0.00503

Setting step size to 0.00503

Setting step size to 0.00503

Setting step size to 0.00503

Setting step size to 0.00503

Setting step size to 0.00503

Setting step size to 0.00503

Setting step size to 0.00503

Setting step size to 0.00503

Setting step size to 0.00503

Setting step size to 0.00503

Setting step size to 0.00503

Setting step size to 0.000882

Setting step size to 0.000882

Setting step size to 0.000882

Setting step size to 0.000882

Setting step size to 0.000882

Setting step size to 0.000882

Setting step size to 0.000882

Setting step size to 0.000882

Setting step size to 0.000882

Setting step size to 0.000882

Setting step size to 0.000882

Setting step size to 0.000882

Setting step size to 0.000882

Setting step size to 0.000882

Setting step size to 0.000882

Setting step size to 0.000882

Setting step size to 0.000882

Setting step size to 0.000882

Setting step size to 0.000882

Setting step size to 0.000882

Setting step size to 0.00462

Setting step size to 0.00462

Setting step size to 0.00462

Setting step size to 0.00462

Setting step size to 0.00462

Setting step size to 0.00462

Setting step size to 0.00462

Setting step size to 0.00462

Setting step size to 0.00462

Setting step size to 0.00462

Setting step size to 0.00462

Setting step size to 0.00462

Setting step size to 0.00462

Setting step size to 0.00462

Setting step size to 0.00462

Setting step size to 0.00462

Setting step size to 0.00462

Setting step size to 0.00462

Setting step size to 0.00462

Setting step size to 0.00462

Setting step size to 0.000841

Setting step size to 0.000841

Setting step size to 0.000841

Setting step size to 0.000841

Setting step size to 0.000841

Setting step size to 0.000841

Setting step size to 0.000841

Setting step size to 0.000841

Setting step size to 0.000841

Setting step size to 0.000841

Setting step size to 0.000841

Setting step size to 0.000841

Setting step size to 0.000841

Setting step size to 0.000841

Setting step size to 0.000841

Setting step size to 0.000841

Setting step size to 0.000841

Setting step size to 0.000841

Setting step size to 0.000841

Setting step size to 0.000841

Setting step size to 0.00368

Setting step size to 0.00368

Setting step size to 0.00368

Setting step size to 0.00368

Setting step size to 0.00368

Setting step size to 0.00368

Setting step size to 0.00368

Setting step size to 0.00368

Setting step size to 0.00368

Setting step size to 0.00368

Setting step size to 0.00368

Setting step size to 0.00368

Setting step size to 0.00368

Setting step size to 0.00368

Setting step size to 0.00368

Setting step size to 0.00368

Setting step size to 0.00368

Setting step size to 0.00368

Setting step size to 0.00368

Setting step size to 0.00368

Setting step size to 0.00123

Setting step size to 0.00123

Setting step size to 0.00123

Setting step size to 0.00123

Setting step size to 0.00123

Setting step size to 0.00123

Setting step size to 0.00123

Setting step size to 0.00123

Setting step size to 0.00123

Setting step size to 0.00123

Setting step size to 0.00123

Setting step size to 0.00123

Setting step size to 0.00123

Setting step size to 0.00123

Setting step size to 0.00123

Setting step size to 0.00123

Setting step size to 0.00123

Setting step size to 0.00123

Setting step size to 0.00123

Setting step size to 0.00123

Reached iteration limit in macopt; continuing.
Reached iteration limit in macopt; continuing.
Reached iteration limit in macopt; continuing.
Reached iteration limit in macopt; continuing.
Reached iteration limit in macopt; continuing.
Reached iteration limit in macopt; continuing.
Reached iteration limit in macopt; continuing.
Reached iteration limit in macopt; continuing.
Reached iteration limit in macopt; continuing.
Reached iteration limit in macopt; continuing.
Reached iteration limit in macopt; continuing.
Reached iteration limit in macopt; continuing.
Reached iteration limit in macopt; continuing.
Reached iteration limit in macopt; continuing.
Reached iteration limit in macopt; continuing.
Reached iteration limit in macopt; continuing.
Reached iteration limit in macopt; continuing.
Reached iteration limit in macopt; continuing.
Reached iteration limit in macopt; continuing.
Reached iteration limit in macopt; continuing.
9: wfdata allocate
4: wfdata allocate
8: wfdata allocate
16: wfdata allocate
1: wfdata allocate
6: wfdata allocate
13: wfdata allocate
11: wfdata allocate
17: wfdata allocate
5: wfdata allocate
12: wfdata allocate
14: wfdata allocate
0: wfdata allocate
10: wfdata allocate
18: wfdata allocate
3: wfdata allocate
7: wfdata allocate
15: wfdata allocate
19: wfdata allocate
2: wfdata allocate
18: Took 13 steps to warm up.11: Took 13 steps to warm up.1: Took 14 steps to warm up.5: Took 14 steps to warm up.7: Took 16 steps to warm up.19: Took 16 steps to warm up.6: Took 17 steps to warm up.9: Took 18 steps to warm up.8: Took 19 steps to warm up.4: Took 20 steps to warm up.16: Took 19 steps to warm up.12: Took 19 steps to warm up.2: Took 20 steps to warm up.3: Took 20 steps to warm up.15: Took 20 steps to warm up.13: Took 21 steps to warm up.17: Took 25 steps to warm up.14: Took 17 steps to warm up.10: Took 32 steps to warm up.0: Took 22 steps to warm up.Setting step size to 0.00103

Setting step size to 0.00103

Setting step size to 0.00103

Setting step size to 0.00103

Setting step size to 0.00103

Setting step size to 0.00103

Setting step size to 0.00103

Setting step size to 0.00103

Setting step size to 0.00103

Setting step size to 0.00103

Setting step size to 0.00103

Setting step size to 0.00103

Setting step size to 0.00103

Setting step size to 0.00103

Setting step size to 0.00103

Setting step size to 0.00103

Setting step size to 0.00103

Setting step size to 0.00103

Setting step size to 0.00103

Setting step size to 0.00103

Setting step size to 0.00467

Setting step size to 0.00467

Setting step size to 0.00467

Setting step size to 0.00467

Setting step size to 0.00467

Setting step size to 0.00467

Setting step size to 0.00467

Setting step size to 0.00467

Setting step size to 0.00467

Setting step size to 0.00467

Setting step size to 0.00467

Setting step size to 0.00467

Setting step size to 0.00467

Setting step size to 0.00467

Setting step size to 0.00467

Setting step size to 0.00467

Setting step size to 0.00467

Setting step size to 0.00467

Setting step size to 0.00467

Setting step size to 0.00467

Setting step size to 0.00432

Setting step size to 0.00432

Setting step size to 0.00432

Setting step size to 0.00432

Setting step size to 0.00432

Setting step size to 0.00432

Setting step size to 0.00432

Setting step size to 0.00432

Setting step size to 0.00432

Setting step size to 0.00432

Setting step size to 0.00432

Setting step size to 0.00432

Setting step size to 0.00432

Setting step size to 0.00432

Setting step size to 0.00432

Setting step size to 0.00432

Setting step size to 0.00432

Setting step size to 0.00432

Setting step size to 0.00432

Setting step size to 0.00432

Setting step size to 0.000339

Setting step size to 0.000339

Setting step size to 0.000339

Setting step size to 0.000339

Setting step size to 0.000339

Setting step size to 0.000339

Setting step size to 0.000339

Setting step size to 0.000339

Setting step size to 0.000339

Setting step size to 0.000339

Setting step size to 0.000339

Setting step size to 0.000339

Setting step size to 0.000339

Setting step size to 0.000339

Setting step size to 0.000339

Setting step size to 0.000339

Setting step size to 0.000339

Setting step size to 0.000339

Setting step size to 0.000339

Setting step size to 0.000339

Setting step size to 0.00429

Setting step size to 0.00429

Setting step size to 0.00429

Setting step size to 0.00429

Setting step size to 0.00429

Setting step size to 0.00429

Setting step size to 0.00429

Setting step size to 0.00429

Setting step size to 0.00429

Setting step size to 0.00429

Setting step size to 0.00429

Setting step size to 0.00429

Setting step size to 0.00429

Setting step size to 0.00429

Setting step size to 0.00429

Setting step size to 0.00429

Setting step size to 0.00429

Setting step size to 0.00429

Setting step size to 0.00429

Setting step size to 0.00429

Setting step size to 0.00222

Setting step size to 0.00222

Setting step size to 0.00222

Setting step size to 0.00222

Setting step size to 0.00222

Setting step size to 0.00222

Setting step size to 0.00222

Setting step size to 0.00222

Setting step size to 0.00222

Setting step size to 0.00222

Setting step size to 0.00222

Setting step size to 0.00222

Setting step size to 0.00222

Setting step size to 0.00222

Setting step size to 0.00222

Setting step size to 0.00222

Setting step size to 0.00222

Setting step size to 0.00222

Setting step size to 0.00222

Setting step size to 0.00222

Setting step size to 0.00031

Setting step size to 0.00031

Setting step size to 0.00031

Setting step size to 0.00031

Setting step size to 0.00031

Setting step size to 0.00031

Setting step size to 0.00031

Setting step size to 0.00031

Setting step size to 0.00031

Setting step size to 0.00031

Setting step size to 0.00031

Setting step size to 0.00031

Setting step size to 0.00031

Setting step size to 0.00031

Setting step size to 0.00031

Setting step size to 0.00031

Setting step size to 0.00031

Setting step size to 0.00031

Setting step size to 0.00031

Setting step size to 0.00031

Setting step size to 0.00541

Setting step size to 0.00541

Setting step size to 0.00541

Setting step size to 0.00541

Setting step size to 0.00541

Setting step size to 0.00541

Setting step size to 0.00541

Setting step size to 0.00541

Setting step size to 0.00541

Setting step size to 0.00541

Setting step size to 0.00541

Setting step size to 0.00541

Setting step size to 0.00541

Setting step size to 0.00541

Setting step size to 0.00541

Setting step size to 0.00541

Setting step size to 0.00541

Setting step size to 0.00541

Setting step size to 0.00541

Setting step size to 0.00541

Setting step size to 0.000169

Setting step size to 0.000169

Setting step size to 0.000169

Setting step size to 0.000169

Setting step size to 0.000169

Setting step size to 0.000169

Setting step size to 0.000169

Setting step size to 0.000169

Setting step size to 0.000169

Setting step size to 0.000169

Setting step size to 0.000169

Setting step size to 0.000169

Setting step size to 0.000169

Setting step size to 0.000169

Setting step size to 0.000169

Setting step size to 0.000169

Setting step size to 0.000169

Setting step size to 0.000169

Setting step size to 0.000169

Setting step size to 0.000169

Reached iteration limit in macopt; continuing.
Reached iteration limit in macopt; continuing.
Reached iteration limit in macopt; continuing.
Reached iteration limit in macopt; continuing.
Reached iteration limit in macopt; continuing.
Reached iteration limit in macopt; continuing.
Reached iteration limit in macopt; continuing.
Reached iteration limit in macopt; continuing.
Reached iteration limit in macopt; continuing.
Reached iteration limit in macopt; continuing.
Reached iteration limit in macopt; continuing.
Reached iteration limit in macopt; continuing.
Reached iteration limit in macopt; continuing.
Reached iteration limit in macopt; continuing.
Reached iteration limit in macopt; continuing.
Reached iteration limit in macopt; continuing.
Reached iteration limit in macopt; continuing.
Reached iteration limit in macopt; continuing.
Reached iteration limit in macopt; continuing.
Reached iteration limit in macopt; continuing.
Setting step size to 0.00337

Setting step size to 0.00337

Setting step size to 0.00337

Setting step size to 0.00337

Setting step size to 0.00337

Setting step size to 0.00337

Setting step size to 0.00337

Setting step size to 0.00337

Setting step size to 0.00337

Setting step size to 0.00337

Setting step size to 0.00337

Setting step size to 0.00337

Setting step size to 0.00337

Setting step size to 0.00337

Setting step size to 0.00337

Setting step size to 0.00337

Setting step size to 0.00337

Setting step size to 0.00337

Setting step size to 0.00337

Setting step size to 0.00337

17: wfdata allocate
16: wfdata allocate
3: wfdata allocate
14: wfdata allocate
10: wfdata allocate
15: wfdata allocate
18: wfdata allocate
5: wfdata allocate
19: wfdata allocate
1: wfdata allocate
0: wfdata allocate
7: wfdata allocate
12: wfdata allocate
6: wfdata allocate
2: wfdata allocate
8: wfdata allocate
9: wfdata allocate
4: wfdata allocate
11: wfdata allocate
13: wfdata allocate
12: Took 14 steps to warm up.2: Took 15 steps to warm up.9: Took 16 steps to warm up.13: Took 18 steps to warm up.11: Took 18 steps to warm up.14: Took 17 steps to warm up.18: Took 27 steps to warm up.5: Took 27 steps to warm up.19: Took 20 steps to warm up.1: Took 24 steps to warm up.0: Took 23 steps to warm up.7: Took 20 steps to warm up.6: Took 21 steps to warm up.8: Took 20 steps to warm up.4: Took 23 steps to warm up.17: Took 21 steps to warm up.16: Took 23 steps to warm up.3: Took 19 steps to warm up.10: Took 19 steps to warm up.15: Took 22 steps to warm up.Setting step size to 0.00202

Setting step size to 0.00202

Setting step size to 0.00202

Setting step size to 0.00202

Setting step size to 0.00202

Setting step size to 0.00202

Setting step size to 0.00202

Setting step size to 0.00202

Setting step size to 0.00202

Setting step size to 0.00202

Setting step size to 0.00202

Setting step size to 0.00202

Setting step size to 0.00202

Setting step size to 0.00202

Setting step size to 0.00202

Setting step size to 0.00202

Setting step size to 0.00202

Setting step size to 0.00202

Setting step size to 0.00202

Setting step size to 0.00202

Setting step size to 0.000739

Setting step size to 0.000739

Setting step size to 0.000739

Setting step size to 0.000739

Setting step size to 0.000739

Setting step size to 0.000739

Setting step size to 0.000739

Setting step size to 0.000739

Setting step size to 0.000739

Setting step size to 0.000739

Setting step size to 0.000739

Setting step size to 0.000739

Setting step size to 0.000739

Setting step size to 0.000739

Setting step size to 0.000739

Setting step size to 0.000739

Setting step size to 0.000739

Setting step size to 0.000739

Setting step size to 0.000739

Setting step size to 0.000739

Setting step size to 0.00271

Setting step size to 0.00271

Setting step size to 0.00271

Setting step size to 0.00271

Setting step size to 0.00271

Setting step size to 0.00271

Setting step size to 0.00271

Setting step size to 0.00271

Setting step size to 0.00271

Setting step size to 0.00271

Setting step size to 0.00271

Setting step size to 0.00271

Setting step size to 0.00271

Setting step size to 0.00271

Setting step size to 0.00271

Setting step size to 0.00271

Setting step size to 0.00271

Setting step size to 0.00271

Setting step size to 0.00271

Setting step size to 0.00271

Setting step size to 0.00375

Setting step size to 0.00375

Setting step size to 0.00375

Setting step size to 0.00375

Setting step size to 0.00375

Setting step size to 0.00375

Setting step size to 0.00375

Setting step size to 0.00375

Setting step size to 0.00375

Setting step size to 0.00375

Setting step size to 0.00375

Setting step size to 0.00375

Setting step size to 0.00375

Setting step size to 0.00375

Setting step size to 0.00375

Setting step size to 0.00375

Setting step size to 0.00375

Setting step size to 0.00375

Setting step size to 0.00375

Setting step size to 0.00375

Setting step size to 0.000823

Setting step size to 0.000823

Setting step size to 0.000823

Setting step size to 0.000823

Setting step size to 0.000823

Setting step size to 0.000823

Setting step size to 0.000823

Setting step size to 0.000823

Setting step size to 0.000823

Setting step size to 0.000823

Setting step size to 0.000823

Setting step size to 0.000823

Setting step size to 0.000823

Setting step size to 0.000823

Setting step size to 0.000823

Setting step size to 0.000823

Setting step size to 0.000823

Setting step size to 0.000823

Setting step size to 0.000823

Setting step size to 0.000823

Setting step size to 0.00639

Setting step size to 0.00639

Setting step size to 0.00639

Setting step size to 0.00639

Setting step size to 0.00639

Setting step size to 0.00639

Setting step size to 0.00639

Setting step size to 0.00639

Setting step size to 0.00639

Setting step size to 0.00639

Setting step size to 0.00639

Setting step size to 0.00639

Setting step size to 0.00639

Setting step size to 0.00639

Setting step size to 0.00639

Setting step size to 0.00639

Setting step size to 0.00639

Setting step size to 0.00639

Setting step size to 0.00639

Setting step size to 0.00639

Setting step size to 0.000471

Setting step size to 0.000471

Setting step size to 0.000471

Setting step size to 0.000471

Setting step size to 0.000471

Setting step size to 0.000471

Setting step size to 0.000471

Setting step size to 0.000471

Setting step size to 0.000471

Setting step size to 0.000471

Setting step size to 0.000471

Setting step size to 0.000471

Setting step size to 0.000471

Setting step size to 0.000471

Setting step size to 0.000471

Setting step size to 0.000471

Setting step size to 0.000471

Setting step size to 0.000471

Setting step size to 0.000471

Setting step size to 0.000471

Setting step size to 0.00181

Setting step size to 0.00181

Setting step size to 0.00181

Setting step size to 0.00181

Setting step size to 0.00181

Setting step size to 0.00181

Setting step size to 0.00181

Setting step size to 0.00181

Setting step size to 0.00181

Setting step size to 0.00181

Setting step size to 0.00181

Setting step size to 0.00181

Setting step size to 0.00181

Setting step size to 0.00181

Setting step size to 0.00181

Setting step size to 0.00181

Setting step size to 0.00181

Setting step size to 0.00181

Setting step size to 0.00181

Setting step size to 0.00181

Setting step size to 0.0039

Setting step size to 0.0039

Setting step size to 0.0039

Setting step size to 0.0039

Setting step size to 0.0039

Setting step size to 0.0039

Setting step size to 0.0039

Setting step size to 0.0039

Setting step size to 0.0039

Setting step size to 0.0039

Setting step size to 0.0039

Setting step size to 0.0039

Setting step size to 0.0039

Setting step size to 0.0039

Setting step size to 0.0039

Setting step size to 0.0039

Setting step size to 0.0039

Setting step size to 0.0039

Setting step size to 0.0039

Setting step size to 0.0039

Setting step size to 0.000151

Setting step size to 0.000151

Setting step size to 0.000151

Setting step size to 0.000151

Setting step size to 0.000151

Setting step size to 0.000151

Setting step size to 0.000151

Setting step size to 0.000151

Setting step size to 0.000151

Setting step size to 0.000151

Setting step size to 0.000151

Setting step size to 0.000151

Setting step size to 0.000151

Setting step size to 0.000151

Setting step size to 0.000151

Setting step size to 0.000151

Setting step size to 0.000151

Setting step size to 0.000151

Setting step size to 0.000151

Setting step size to 0.000151

Reached iteration limit in macopt; continuing.
Reached iteration limit in macopt; continuing.
Reached iteration limit in macopt; continuing.
Reached iteration limit in macopt; continuing.
Reached iteration limit in macopt; continuing.
Reached iteration limit in macopt; continuing.
Reached iteration limit in macopt; continuing.
Reached iteration limit in macopt; continuing.
Reached iteration limit in macopt; continuing.
Reached iteration limit in macopt; continuing.
Reached iteration limit in macopt; continuing.
Reached iteration limit in macopt; continuing.
Reached iteration limit in macopt; continuing.
Reached iteration limit in macopt; continuing.
Reached iteration limit in macopt; continuing.
Reached iteration limit in macopt; continuing.
Reached iteration limit in macopt; continuing.
Reached iteration limit in macopt; continuing.
Reached iteration limit in macopt; continuing.
Reached iteration limit in macopt; continuing.
